# JRE version: OpenJDK Runtime Environment (8.0_76-b03) (build 1.8.0_76-release-b03)
# Java VM: OpenJDK 64-Bit Server VM (25.76-b03 mixed mode windows-amd64 compressed oops)
Heap:
 PSYoungGen      total 470016K, used 302494K [0x00000000e0000000, 0x0000000100000000, 0x0000000100000000)
  eden space 416768K, 72% used [0x00000000e0000000,0x00000000f2767a38,0x00000000f9700000)
  from space 53248K, 0% used [0x00000000f9700000,0x00000000f9700000,0x00000000fcb00000)
  to   space 53760K, 0% used [0x00000000fcb80000,0x00000000fcb80000,0x0000000100000000)
 ParOldGen       total 196608K, used 35664K [0x00000000a0000000, 0x00000000ac000000, 0x00000000e0000000)
  object space 196608K, 18% used [0x00000000a0000000,0x00000000a22d4058,0x00000000ac000000)
 Metaspace       used 73403K, capacity 75828K, committed 77360K, reserved 1116160K
  class space    used 9132K, capacity 9507K, committed 10032K, reserved 1048576K
GC Heap History (10 events):
Event: 11485.785 GC heap before
{Heap before GC invocations=35 (full 7):
 PSYoungGen      total 434176K, used 433706K [0x00000000e0000000, 0x00000000ffa00000, 0x0000000100000000)
  eden space 420864K, 100% used [0x00000000e0000000,0x00000000f9b00000,0x00000000f9b00000)
  from space 13312K, 96% used [0x00000000f9b00000,0x00000000fa78a9a8,0x00000000fa800000)
  to   space 48640K, 0% used [0x00000000fca80000,0x00000000fca80000,0x00000000ffa00000)
 ParOldGen       total 196608K, used 44350K [0x00000000a0000000, 0x00000000ac000000, 0x00000000e0000000)
  object space 196608K, 22% used [0x00000000a0000000,0x00000000a2b4fb30,0x00000000ac000000)
 Metaspace       used 73536K, capacity 75960K, committed 77360K, reserved 1116160K
  class space    used 9167K, capacity 9561K, committed 10032K, reserved 1048576K
Event: 11485.827 GC heap after
Heap after GC invocations=35 (full 7):
 PSYoungGen      total 465920K, used 36854K [0x00000000e0000000, 0x0000000100000000, 0x0000000100000000)
  eden space 417280K, 0% used [0x00000000e0000000,0x00000000e0000000,0x00000000f9780000)
  from space 48640K, 75% used [0x00000000fca80000,0x00000000fee7d9d8,0x00000000ffa00000)
  to   space 52224K, 0% used [0x00000000f9780000,0x00000000f9780000,0x00000000fca80000)
 ParOldGen       total 196608K, used 46506K [0x00000000a0000000, 0x00000000ac000000, 0x00000000e0000000)
  object space 196608K, 23% used [0x00000000a0000000,0x00000000a2d6aa50,0x00000000ac000000)
 Metaspace       used 73536K, capacity 75960K, committed 77360K, reserved 1116160K
  class space    used 9167K, capacity 9561K, committed 10032K, reserved 1048576K
}
Event: 11486.703 GC heap before
{Heap before GC invocations=36 (full 7):
 PSYoungGen      total 465920K, used 454134K [0x00000000e0000000, 0x0000000100000000, 0x0000000100000000)
  eden space 417280K, 100% used [0x00000000e0000000,0x00000000f9780000,0x00000000f9780000)
  from space 48640K, 75% used [0x00000000fca80000,0x00000000fee7d9d8,0x00000000ffa00000)
  to   space 52224K, 0% used [0x00000000f9780000,0x00000000f9780000,0x00000000fca80000)
 ParOldGen       total 196608K, used 46506K [0x00000000a0000000, 0x00000000ac000000, 0x00000000e0000000)
  object space 196608K, 23% used [0x00000000a0000000,0x00000000a2d6aa50,0x00000000ac000000)
 Metaspace       used 73541K, capacity 75960K, committed 77360K, reserved 1116160K
  class space    used 9167K, capacity 9561K, committed 10032K, reserved 1048576K
Event: 11486.769 GC heap after
Heap after GC invocations=36 (full 7):
 PSYoungGen      total 469504K, used 35297K [0x00000000e0000000, 0x0000000100000000, 0x0000000100000000)
  eden space 417280K, 0% used [0x00000000e0000000,0x00000000e0000000,0x00000000f9780000)
  from space 52224K, 67% used [0x00000000f9780000,0x00000000fb9f86d0,0x00000000fca80000)
  to   space 54272K, 0% used [0x00000000fcb00000,0x00000000fcb00000,0x0000000100000000)
 ParOldGen       total 196608K, used 53553K [0x00000000a0000000, 0x00000000ac000000, 0x00000000e0000000)
  object space 196608K, 27% used [0x00000000a0000000,0x00000000a344c778,0x00000000ac000000)
 Metaspace       used 73541K, capacity 75960K, committed 77360K, reserved 1116160K
  class space    used 9167K, capacity 9561K, committed 10032K, reserved 1048576K
}
Event: 11489.079 GC heap before
{Heap before GC invocations=37 (full 7):
 PSYoungGen      total 469504K, used 451982K [0x00000000e0000000, 0x0000000100000000, 0x0000000100000000)
  eden space 417280K, 99% used [0x00000000e0000000,0x00000000f96eb3d0,0x00000000f9780000)
  from space 52224K, 67% used [0x00000000f9780000,0x00000000fb9f86d0,0x00000000fca80000)
  to   space 54272K, 0% used [0x00000000fcb00000,0x00000000fcb00000,0x0000000100000000)
 ParOldGen       total 196608K, used 53553K [0x00000000a0000000, 0x00000000ac000000, 0x00000000e0000000)
  object space 196608K, 27% used [0x00000000a0000000,0x00000000a344c778,0x00000000ac000000)
 Metaspace       used 73598K, capacity 75960K, committed 77360K, reserved 1116160K
  class space    used 9168K, capacity 9561K, committed 10032K, reserved 1048576K
Event: 11489.136 GC heap after
Heap after GC invocations=37 (full 7):
 PSYoungGen      total 471040K, used 8965K [0x00000000e0000000, 0x0000000100000000, 0x0000000100000000)
  eden space 416768K, 0% used [0x00000000e0000000,0x00000000e0000000,0x00000000f9700000)
  from space 54272K, 16% used [0x00000000fcb00000,0x00000000fd3c1488,0x0000000100000000)
  to   space 53248K, 0% used [0x00000000f9700000,0x00000000f9700000,0x00000000fcb00000)
 ParOldGen       total 196608K, used 58595K [0x00000000a0000000, 0x00000000ac000000, 0x00000000e0000000)
  object space 196608K, 29% used [0x00000000a0000000,0x00000000a3938f98,0x00000000ac000000)
 Metaspace       used 73598K, capacity 75960K, committed 77360K, reserved 1116160K
  class space    used 9168K, capacity 9561K, committed 10032K, reserved 1048576K
}
Event: 11489.453 GC heap before
{Heap before GC invocations=38 (full 7):
 PSYoungGen      total 471040K, used 185761K [0x00000000e0000000, 0x0000000100000000, 0x0000000100000000)
  eden space 416768K, 42% used [0x00000000e0000000,0x00000000eaca6ff8,0x00000000f9700000)
  from space 54272K, 16% used [0x00000000fcb00000,0x00000000fd3c1488,0x0000000100000000)
  to   space 53248K, 0% used [0x00000000f9700000,0x00000000f9700000,0x00000000fcb00000)
 ParOldGen       total 196608K, used 58595K [0x00000000a0000000, 0x00000000ac000000, 0x00000000e0000000)
  object space 196608K, 29% used [0x00000000a0000000,0x00000000a3938f98,0x00000000ac000000)
 Metaspace       used 73603K, capacity 75966K, committed 77360K, reserved 1116160K
  class space    used 9168K, capacity 9562K, committed 10032K, reserved 1048576K
Event: 11489.538 GC heap after
Heap after GC invocations=38 (full 7):
 PSYoungGen      total 470016K, used 64K [0x00000000e0000000, 0x0000000100000000, 0x0000000100000000)
  eden space 416768K, 0% used [0x00000000e0000000,0x00000000e0000000,0x00000000f9700000)
  from space 53248K, 0% used [0x00000000f9700000,0x00000000f9710000,0x00000000fcb00000)
  to   space 53760K, 0% used [0x00000000fcb80000,0x00000000fcb80000,0x0000000100000000)
 ParOldGen       total 196608K, used 60656K [0x00000000a0000000, 0x00000000ac000000, 0x00000000e0000000)
  object space 196608K, 30% used [0x00000000a0000000,0x00000000a3b3c278,0x00000000ac000000)
 Metaspace       used 73603K, capacity 75966K, committed 77360K, reserved 1116160K
  class space    used 9168K, capacity 9562K, committed 10032K, reserved 1048576K
}
Event: 11489.538 GC heap before
{Heap before GC invocations=39 (full 8):
 PSYoungGen      total 470016K, used 64K [0x00000000e0000000, 0x0000000100000000, 0x0000000100000000)
  eden space 416768K, 0% used [0x00000000e0000000,0x00000000e0000000,0x00000000f9700000)
  from space 53248K, 0% used [0x00000000f9700000,0x00000000f9710000,0x00000000fcb00000)
  to   space 53760K, 0% used [0x00000000fcb80000,0x00000000fcb80000,0x0000000100000000)
 ParOldGen       total 196608K, used 60656K [0x00000000a0000000, 0x00000000ac000000, 0x00000000e0000000)
  object space 196608K, 30% used [0x00000000a0000000,0x00000000a3b3c278,0x00000000ac000000)
 Metaspace       used 73603K, capacity 75966K, committed 77360K, reserved 1116160K
  class space    used 9168K, capacity 9562K, committed 10032K, reserved 1048576K
Event: 11489.764 GC heap after
Heap after GC invocations=39 (full 8):
 PSYoungGen      total 470016K, used 0K [0x00000000e0000000, 0x0000000100000000, 0x0000000100000000)
  eden space 416768K, 0% used [0x00000000e0000000,0x00000000e0000000,0x00000000f9700000)
  from space 53248K, 0% used [0x00000000f9700000,0x00000000f9700000,0x00000000fcb00000)
  to   space 53760K, 0% used [0x00000000fcb80000,0x00000000fcb80000,0x0000000100000000)
 ParOldGen       total 196608K, used 35664K [0x00000000a0000000, 0x00000000ac000000, 0x00000000e0000000)
  object space 196608K, 18% used [0x00000000a0000000,0x00000000a22d4058,0x00000000ac000000)
 Metaspace       used 73105K, capacity 75302K, committed 77360K, reserved 1116160K
  class space    used 9087K, capacity 9434K, committed 10032K, reserved 1048576K
}

